# JRE version: Java(TM) SE Runtime Environment (8.0_45-b14) (build 1.8.0_45-b14)
# Java VM: Java HotSpot(TM) 64-Bit Server VM (25.45-b02 mixed mode linux-amd64 compressed oops)
Heap:
 PSYoungGen      total 427008K, used 229186K [0x0000000770800000, 0x0000000791900000, 0x00000007c0000000)
  eden space 358400K, 44% used [0x0000000770800000,0x000000077a4d6608,0x0000000786600000)
  from space 68608K, 99% used [0x000000078bd80000,0x000000079007a2d0,0x0000000790080000)
  to   space 89600K, 0% used [0x0000000786600000,0x0000000786600000,0x000000078bd80000)
 ParOldGen       total 207360K, used 93574K [0x00000006d1800000, 0x00000006de280000, 0x0000000770800000)
  object space 207360K, 45% used [0x00000006d1800000,0x00000006d7361898,0x00000006de280000)
 Metaspace       used 50523K, capacity 50910K, committed 51288K, reserved 1093632K
  class space    used 6040K, capacity 6146K, committed 6232K, reserved 1048576K
GC Heap History (10 events):
Event: 3.316 GC heap before
{Heap before GC invocations=6 (full 1):
 PSYoungGen      total 189952K, used 176774K [0x0000000770800000, 0x0000000780880000, 0x00000007c0000000)
  eden space 183296K, 93% used [0x0000000770800000,0x000000077ae8d038,0x000000077bb00000)
  from space 6656K, 93% used [0x0000000780200000,0x0000000780814980,0x0000000780880000)
  to   space 10240K, 0% used [0x000000077f480000,0x000000077f480000,0x000000077fe80000)
 ParOldGen       total 109568K, used 13200K [0x00000006d1800000, 0x00000006d8300000, 0x0000000770800000)
  object space 109568K, 12% used [0x00000006d1800000,0x00000006d24e42e0,0x00000006d8300000)
 Metaspace       used 34877K, capacity 35107K, committed 35416K, reserved 1081344K
  class space    used 4032K, capacity 4117K, committed 4184K, reserved 1048576K
Event: 3.390 GC heap after
Heap after GC invocations=6 (full 1):
 PSYoungGen      total 252416K, used 10212K [0x0000000770800000, 0x0000000786a80000, 0x00000007c0000000)
  eden space 242176K, 0% used [0x0000000770800000,0x0000000770800000,0x000000077f480000)
  from space 10240K, 99% used [0x000000077f480000,0x000000077fe790b0,0x000000077fe80000)
  to   space 34304K, 0% used [0x0000000784900000,0x0000000784900000,0x0000000786a80000)
 ParOldGen       total 109568K, used 41631K [0x00000006d1800000, 0x00000006d8300000, 0x0000000770800000)
  object space 109568K, 37% used [0x00000006d1800000,0x00000006d40a7e48,0x00000006d8300000)
 Metaspace       used 34877K, capacity 35107K, committed 35416K, reserved 1081344K
  class space    used 4032K, capacity 4117K, committed 4184K, reserved 1048576K
}
Event: 3.390 GC heap before
{Heap before GC invocations=7 (full 2):
 PSYoungGen      total 252416K, used 10212K [0x0000000770800000, 0x0000000786a80000, 0x00000007c0000000)
  eden space 242176K, 0% used [0x0000000770800000,0x0000000770800000,0x000000077f480000)
  from space 10240K, 99% used [0x000000077f480000,0x000000077fe790b0,0x000000077fe80000)
  to   space 34304K, 0% used [0x0000000784900000,0x0000000784900000,0x0000000786a80000)
 ParOldGen       total 109568K, used 41631K [0x00000006d1800000, 0x00000006d8300000, 0x0000000770800000)
  object space 109568K, 37% used [0x00000006d1800000,0x00000006d40a7e48,0x00000006d8300000)
 Metaspace       used 34877K, capacity 35107K, committed 35416K, reserved 1081344K
  class space    used 4032K, capacity 4117K, committed 4184K, reserved 1048576K
Event: 3.515 GC heap after
Heap after GC invocations=7 (full 2):
 PSYoungGen      total 252416K, used 0K [0x0000000770800000, 0x0000000786a80000, 0x00000007c0000000)
  eden space 242176K, 0% used [0x0000000770800000,0x0000000770800000,0x000000077f480000)
  from space 10240K, 0% used [0x000000077f480000,0x000000077f480000,0x000000077fe80000)
  to   space 34304K, 0% used [0x0000000784900000,0x0000000784900000,0x0000000786a80000)
 ParOldGen       total 207360K, used 39625K [0x00000006d1800000, 0x00000006de280000, 0x0000000770800000)
  object space 207360K, 19% used [0x00000006d1800000,0x00000006d3eb24a8,0x00000006de280000)
 Metaspace       used 34877K, capacity 35107K, committed 35416K, reserved 1081344K
  class space    used 4032K, capacity 4117K, committed 4184K, reserved 1048576K
}
Event: 5.569 GC heap before
{Heap before GC invocations=8 (full 2):
 PSYoungGen      total 252416K, used 242176K [0x0000000770800000, 0x0000000786a80000, 0x00000007c0000000)
  eden space 242176K, 100% used [0x0000000770800000,0x000000077f480000,0x000000077f480000)
  from space 10240K, 0% used [0x000000077f480000,0x000000077f480000,0x000000077fe80000)
  to   space 34304K, 0% used [0x0000000784900000,0x0000000784900000,0x0000000786a80000)
 ParOldGen       total 207360K, used 39625K [0x00000006d1800000, 0x00000006de280000, 0x0000000770800000)
  object space 207360K, 19% used [0x00000006d1800000,0x00000006d3eb24a8,0x00000006de280000)
 Metaspace       used 41446K, capacity 41695K, committed 42072K, reserved 1085440K
  class space    used 5011K, capacity 5087K, committed 5208K, reserved 1048576K
Event: 5.631 GC heap after
Heap after GC invocations=8 (full 2):
 PSYoungGen      total 316928K, used 34274K [0x0000000770800000, 0x000000078ae80000, 0x00000007c0000000)
  eden space 282624K, 0% used [0x0000000770800000,0x0000000770800000,0x0000000781c00000)
  from space 34304K, 99% used [0x0000000784900000,0x0000000786a78a70,0x0000000786a80000)
  to   space 46080K, 0% used [0x0000000781c00000,0x0000000781c00000,0x0000000784900000)
 ParOldGen       total 207360K, used 48019K [0x00000006d1800000, 0x00000006de280000, 0x0000000770800000)
  object space 207360K, 23% used [0x00000006d1800000,0x00000006d46e4c68,0x00000006de280000)
 Metaspace       used 41446K, capacity 41695K, committed 42072K, reserved 1085440K
  class space    used 5011K, capacity 5087K, committed 5208K, reserved 1048576K
}
Event: 31.302 GC heap before
{Heap before GC invocations=9 (full 2):
 PSYoungGen      total 316928K, used 315009K [0x0000000770800000, 0x000000078ae80000, 0x00000007c0000000)
  eden space 282624K, 99% used [0x0000000770800000,0x0000000781a27b20,0x0000000781c00000)
  from space 34304K, 99% used [0x0000000784900000,0x0000000786a78a70,0x0000000786a80000)
  to   space 46080K, 0% used [0x0000000781c00000,0x0000000781c00000,0x0000000784900000)
 ParOldGen       total 207360K, used 48019K [0x00000006d1800000, 0x00000006de280000, 0x0000000770800000)
  object space 207360K, 23% used [0x00000006d1800000,0x00000006d46e4c68,0x00000006de280000)
 Metaspace       used 45499K, capacity 45933K, committed 46296K, reserved 1089536K
  class space    used 5381K, capacity 5500K, committed 5592K, reserved 1048576K
Event: 31.346 GC heap after
Heap after GC invocations=9 (full 2):
 PSYoungGen      total 328704K, used 46062K [0x0000000770800000, 0x0000000790080000, 0x00000007c0000000)
  eden space 282624K, 0% used [0x0000000770800000,0x0000000770800000,0x0000000781c00000)
  from space 46080K, 99% used [0x0000000781c00000,0x00000007848fbbd0,0x0000000784900000)
  to   space 68608K, 0% used [0x000000078bd80000,0x000000078bd80000,0x0000000790080000)
 ParOldGen       total 207360K, used 74880K [0x00000006d1800000, 0x00000006de280000, 0x0000000770800000)
  object space 207360K, 36% used [0x00000006d1800000,0x00000006d61200b8,0x00000006de280000)
 Metaspace       used 45499K, capacity 45933K, committed 46296K, reserved 1089536K
  class space    used 5381K, capacity 5500K, committed 5592K, reserved 1048576K
}
Event: 180.130 GC heap before
{Heap before GC invocations=10 (full 2):
 PSYoungGen      total 328704K, used 328686K [0x0000000770800000, 0x0000000790080000, 0x00000007c0000000)
  eden space 282624K, 100% used [0x0000000770800000,0x0000000781c00000,0x0000000781c00000)
  from space 46080K, 99% used [0x0000000781c00000,0x00000007848fbbd0,0x0000000784900000)
  to   space 68608K, 0% used [0x000000078bd80000,0x000000078bd80000,0x0000000790080000)
 ParOldGen       total 207360K, used 74880K [0x00000006d1800000, 0x00000006de280000, 0x0000000770800000)
  object space 207360K, 36% used [0x00000006d1800000,0x00000006d61200b8,0x00000006de280000)
 Metaspace       used 50258K, capacity 50654K, committed 51032K, reserved 1093632K
  class space    used 6032K, capacity 6146K, committed 6232K, reserved 1048576K
Event: 180.219 GC heap after
Heap after GC invocations=10 (full 2):
 PSYoungGen      total 427008K, used 68584K [0x0000000770800000, 0x0000000791900000, 0x00000007c0000000)
  eden space 358400K, 0% used [0x0000000770800000,0x0000000770800000,0x0000000786600000)
  from space 68608K, 99% used [0x000000078bd80000,0x000000079007a2d0,0x0000000790080000)
  to   space 89600K, 0% used [0x0000000786600000,0x0000000786600000,0x000000078bd80000)
 ParOldGen       total 207360K, used 93574K [0x00000006d1800000, 0x00000006de280000, 0x0000000770800000)
  object space 207360K, 45% used [0x00000006d1800000,0x00000006d7361898,0x00000006de280000)
 Metaspace       used 50258K, capacity 50654K, committed 51032K, reserved 1093632K
  class space    used 6032K, capacity 6146K, committed 6232K, reserved 1048576K
}

